<?xml version="1.0" encoding="UTF-8"?>
<!-- Generated by org.testng.reporters.JUnitReportReporter -->
<testsuite skipped="0" hostname="DELL14" name="pages.LoginPage" tests="1" failures="0" timestamp="12 Oct 2019 10:58:59 GMT" time="11.603" errors="0">
  <testcase name="startApp" time="11.603" classname="pages.LoginPage"/>
</testsuite> <!-- pages.LoginPage -->
